# JRE version: OpenJDK Runtime Environment (8.0_152-b02) (build 1.8.0_152-release-1024-b02)
# Java VM: OpenJDK 64-Bit Server VM (25.152-b02 mixed mode windows-amd64 compressed oops)
Heap:
 PSYoungGen      total 352768K, used 267075K [0x00000000e0000000, 0x00000000fb580000, 0x0000000100000000)
  eden space 319488K, 79% used [0x00000000e0000000,0x00000000ef77a620,0x00000000f3800000)
  from space 33280K, 41% used [0x00000000f3800000,0x00000000f45567a8,0x00000000f5880000)
  to   space 31744K, 0% used [0x00000000f9680000,0x00000000f9680000,0x00000000fb580000)
 ParOldGen       total 162816K, used 82521K [0x00000000a0000000, 0x00000000a9f00000, 0x00000000e0000000)
  object space 162816K, 50% used [0x00000000a0000000,0x00000000a5096680,0x00000000a9f00000)
 Metaspace       used 89919K, capacity 95071K, committed 95360K, reserved 1132544K
  class space    used 11548K, capacity 12548K, committed 12672K, reserved 1048576K
GC Heap History (10 events):
Event: 3246.032 GC heap before
{Heap before GC invocations=26 (full 3):
 PSYoungGen      total 232960K, used 213985K [0x00000000e0000000, 0x00000000f0700000, 0x0000000100000000)
  eden space 196096K, 100% used [0x00000000e0000000,0x00000000ebf80000,0x00000000ebf80000)
  from space 36864K, 48% used [0x00000000ee300000,0x00000000ef478430,0x00000000f0700000)
  to   space 36352K, 0% used [0x00000000ebf80000,0x00000000ebf80000,0x00000000ee300000)
 ParOldGen       total 162816K, used 66827K [0x00000000a0000000, 0x00000000a9f00000, 0x00000000e0000000)
  object space 162816K, 41% used [0x00000000a0000000,0x00000000a4142c00,0x00000000a9f00000)
 Metaspace       used 84396K, capacity 88419K, committed 88704K, reserved 1126400K
  class space    used 11017K, capacity 11842K, committed 11904K, reserved 1048576K
Event: 3246.180 GC heap after
Heap after GC invocations=26 (full 3):
 PSYoungGen      total 232448K, used 16329K [0x00000000e0000000, 0x00000000f4680000, 0x0000000100000000)
  eden space 196096K, 0% used [0x00000000e0000000,0x00000000e0000000,0x00000000ebf80000)
  from space 36352K, 44% used [0x00000000ebf80000,0x00000000ecf724e8,0x00000000ee300000)
  to   space 34816K, 0% used [0x00000000f2480000,0x00000000f2480000,0x00000000f4680000)
 ParOldGen       total 162816K, used 71493K [0x00000000a0000000, 0x00000000a9f00000, 0x00000000e0000000)
  object space 162816K, 43% used [0x00000000a0000000,0x00000000a45d15c0,0x00000000a9f00000)
 Metaspace       used 84396K, capacity 88419K, committed 88704K, reserved 1126400K
  class space    used 11017K, capacity 11842K, committed 11904K, reserved 1048576K
}
Event: 7273.012 GC heap before
{Heap before GC invocations=27 (full 3):
 PSYoungGen      total 232448K, used 212425K [0x00000000e0000000, 0x00000000f4680000, 0x0000000100000000)
  eden space 196096K, 100% used [0x00000000e0000000,0x00000000ebf80000,0x00000000ebf80000)
  from space 36352K, 44% used [0x00000000ebf80000,0x00000000ecf724e8,0x00000000ee300000)
  to   space 34816K, 0% used [0x00000000f2480000,0x00000000f2480000,0x00000000f4680000)
 ParOldGen       total 162816K, used 71493K [0x00000000a0000000, 0x00000000a9f00000, 0x00000000e0000000)
  object space 162816K, 43% used [0x00000000a0000000,0x00000000a45d15c0,0x00000000a9f00000)
 Metaspace       used 85023K, capacity 89395K, committed 89600K, reserved 1126400K
  class space    used 11077K, capacity 11950K, committed 12032K, reserved 1048576K
Event: 7273.196 GC heap after
Heap after GC invocations=27 (full 3):
 PSYoungGen      total 294400K, used 3886K [0x00000000e0000000, 0x00000000f4480000, 0x0000000100000000)
  eden space 261632K, 0% used [0x00000000e0000000,0x00000000e0000000,0x00000000eff80000)
  from space 32768K, 11% used [0x00000000f2480000,0x00000000f284b988,0x00000000f4480000)
  to   space 35328K, 0% used [0x00000000eff80000,0x00000000eff80000,0x00000000f2200000)
 ParOldGen       total 162816K, used 79395K [0x00000000a0000000, 0x00000000a9f00000, 0x00000000e0000000)
  object space 162816K, 48% used [0x00000000a0000000,0x00000000a4d88e58,0x00000000a9f00000)
 Metaspace       used 85023K, capacity 89395K, committed 89600K, reserved 1126400K
  class space    used 11077K, capacity 11950K, committed 12032K, reserved 1048576K
}
Event: 7670.762 GC heap before
{Heap before GC invocations=28 (full 3):
 PSYoungGen      total 294400K, used 265518K [0x00000000e0000000, 0x00000000f4480000, 0x0000000100000000)
  eden space 261632K, 100% used [0x00000000e0000000,0x00000000eff80000,0x00000000eff80000)
  from space 32768K, 11% used [0x00000000f2480000,0x00000000f284b988,0x00000000f4480000)
  to   space 35328K, 0% used [0x00000000eff80000,0x00000000eff80000,0x00000000f2200000)
 ParOldGen       total 162816K, used 79395K [0x00000000a0000000, 0x00000000a9f00000, 0x00000000e0000000)
  object space 162816K, 48% used [0x00000000a0000000,0x00000000a4d88e58,0x00000000a9f00000)
 Metaspace       used 88797K, capacity 93659K, committed 93952K, reserved 1130496K
  class space    used 11463K, capacity 12432K, committed 12544K, reserved 1048576K
Event: 7670.852 GC heap after
Heap after GC invocations=28 (full 3):
 PSYoungGen      total 296960K, used 5392K [0x00000000e0000000, 0x00000000f8180000, 0x0000000100000000)
  eden space 261632K, 0% used [0x00000000e0000000,0x00000000e0000000,0x00000000eff80000)
  from space 35328K, 15% used [0x00000000eff80000,0x00000000f04c40e0,0x00000000f2200000)
  to   space 35328K, 0% used [0x00000000f5f00000,0x00000000f5f00000,0x00000000f8180000)
 ParOldGen       total 162816K, used 81139K [0x00000000a0000000, 0x00000000a9f00000, 0x00000000e0000000)
  object space 162816K, 49% used [0x00000000a0000000,0x00000000a4f3ce98,0x00000000a9f00000)
 Metaspace       used 88797K, capacity 93659K, committed 93952K, reserved 1130496K
  class space    used 11463K, capacity 12432K, committed 12544K, reserved 1048576K
}
Event: 8055.258 GC heap before
{Heap before GC invocations=29 (full 3):
 PSYoungGen      total 296960K, used 267024K [0x00000000e0000000, 0x00000000f8180000, 0x0000000100000000)
  eden space 261632K, 100% used [0x00000000e0000000,0x00000000eff80000,0x00000000eff80000)
  from space 35328K, 15% used [0x00000000eff80000,0x00000000f04c40e0,0x00000000f2200000)
  to   space 35328K, 0% used [0x00000000f5f00000,0x00000000f5f00000,0x00000000f8180000)
 ParOldGen       total 162816K, used 81140K [0x00000000a0000000, 0x00000000a9f00000, 0x00000000e0000000)
  object space 162816K, 49% used [0x00000000a0000000,0x00000000a4f3d3d0,0x00000000a9f00000)
 Metaspace       used 89090K, capacity 93931K, committed 94208K, reserved 1130496K
  class space    used 11466K, capacity 12434K, committed 12544K, reserved 1048576K
Event: 8055.330 GC heap after
Heap after GC invocations=29 (full 3):
 PSYoungGen      total 346112K, used 15597K [0x00000000e0000000, 0x00000000f7900000, 0x0000000100000000)
  eden space 319488K, 0% used [0x00000000e0000000,0x00000000e0000000,0x00000000f3800000)
  from space 26624K, 58% used [0x00000000f5f00000,0x00000000f6e3b430,0x00000000f7900000)
  to   space 33280K, 0% used [0x00000000f3800000,0x00000000f3800000,0x00000000f5880000)
 ParOldGen       total 162816K, used 81156K [0x00000000a0000000, 0x00000000a9f00000, 0x00000000e0000000)
  object space 162816K, 49% used [0x00000000a0000000,0x00000000a4f413d0,0x00000000a9f00000)
 Metaspace       used 89090K, capacity 93931K, committed 94208K, reserved 1130496K
  class space    used 11466K, capacity 12434K, committed 12544K, reserved 1048576K
}
Event: 8482.993 GC heap before
{Heap before GC invocations=30 (full 3):
 PSYoungGen      total 346112K, used 335085K [0x00000000e0000000, 0x00000000f7900000, 0x0000000100000000)
  eden space 319488K, 100% used [0x00000000e0000000,0x00000000f3800000,0x00000000f3800000)
  from space 26624K, 58% used [0x00000000f5f00000,0x00000000f6e3b430,0x00000000f7900000)
  to   space 33280K, 0% used [0x00000000f3800000,0x00000000f3800000,0x00000000f5880000)
 ParOldGen       total 162816K, used 81166K [0x00000000a0000000, 0x00000000a9f00000, 0x00000000e0000000)
  object space 162816K, 49% used [0x00000000a0000000,0x00000000a4f43a68,0x00000000a9f00000)
 Metaspace       used 89252K, capacity 94151K, committed 94464K, reserved 1130496K
  class space    used 11469K, capacity 12438K, committed 12544K, reserved 1048576K
Event: 8483.230 GC heap after
Heap after GC invocations=30 (full 3):
 PSYoungGen      total 352768K, used 13657K [0x00000000e0000000, 0x00000000fb580000, 0x0000000100000000)
  eden space 319488K, 0% used [0x00000000e0000000,0x00000000e0000000,0x00000000f3800000)
  from space 33280K, 41% used [0x00000000f3800000,0x00000000f45567a8,0x00000000f5880000)
  to   space 31744K, 0% used [0x00000000f9680000,0x00000000f9680000,0x00000000fb580000)
 ParOldGen       total 162816K, used 82521K [0x00000000a0000000, 0x00000000a9f00000, 0x00000000e0000000)
  object space 162816K, 50% used [0x00000000a0000000,0x00000000a5096680,0x00000000a9f00000)
 Metaspace       used 89252K, capacity 94151K, committed 94464K, reserved 1130496K
  class space    used 11469K, capacity 12438K, committed 12544K, reserved 1048576K
}

